C:\USERS\LAB422\DOCUMENTS\LAB WORK\REAL WORLD MODELLING\PROBLEM 1 - BLOB BONKERS\PROBLEM 1 - BLOB BONKERS\DEBUG\BLOB.OBJ
C:\USERS\LAB422\DOCUMENTS\LAB WORK\REAL WORLD MODELLING\PROBLEM 1 - BLOB BONKERS\PROBLEM 1 - BLOB BONKERS\DEBUG\VC110.PDB
C:\USERS\LAB422\DOCUMENTS\LAB WORK\REAL WORLD MODELLING\PROBLEM 1 - BLOB BONKERS\PROBLEM 1 - BLOB BONKERS\DEBUG\MAIN.OBJ
C:\USERS\LAB422\DOCUMENTS\LAB WORK\REAL WORLD MODELLING\PROBLEM 1 - BLOB BONKERS\DEBUG\PROBLEM 1 - BLOB BONKERS.ILK
C:\USERS\LAB422\DOCUMENTS\LAB WORK\REAL WORLD MODELLING\PROBLEM 1 - BLOB BONKERS\DEBUG\PROBLEM 1 - BLOB BONKERS.EXE
C:\USERS\LAB422\DOCUMENTS\LAB WORK\REAL WORLD MODELLING\PROBLEM 1 - BLOB BONKERS\DEBUG\PROBLEM 1 - BLOB BONKERS.PDB
C:\Users\lab422\Documents\Lab Work\Real World Modelling\Problem 1 - Blob Bonkers\Problem 1 - Blob Bonkers\Debug\Blob.obj
C:\Users\lab422\Documents\Lab Work\Real World Modelling\Problem 1 - Blob Bonkers\Problem 1 - Blob Bonkers\Debug\main.obj
C:\Users\lab422\Documents\Lab Work\Real World Modelling\Problem 1 - Blob Bonkers\Problem 1 - Blob Bonkers\Debug\cl.command.1.tlog
C:\Users\lab422\Documents\Lab Work\Real World Modelling\Problem 1 - Blob Bonkers\Problem 1 - Blob Bonkers\Debug\CL.read.1.tlog
C:\Users\lab422\Documents\Lab Work\Real World Modelling\Problem 1 - Blob Bonkers\Problem 1 - Blob Bonkers\Debug\CL.write.1.tlog
C:\Users\lab422\Documents\Lab Work\Real World Modelling\Problem 1 - Blob Bonkers\Problem 1 - Blob Bonkers\Debug\link-cvtres.read.1.tlog
C:\Users\lab422\Documents\Lab Work\Real World Modelling\Problem 1 - Blob Bonkers\Problem 1 - Blob Bonkers\Debug\link-cvtres.write.1.tlog
C:\Users\lab422\Documents\Lab Work\Real World Modelling\Problem 1 - Blob Bonkers\Problem 1 - Blob Bonkers\Debug\link-rc.read.1.tlog
C:\Users\lab422\Documents\Lab Work\Real World Modelling\Problem 1 - Blob Bonkers\Problem 1 - Blob Bonkers\Debug\link-rc.write.1.tlog
C:\Users\lab422\Documents\Lab Work\Real World Modelling\Problem 1 - Blob Bonkers\Problem 1 - Blob Bonkers\Debug\link.command.1.tlog
C:\Users\lab422\Documents\Lab Work\Real World Modelling\Problem 1 - Blob Bonkers\Problem 1 - Blob Bonkers\Debug\link.read.1.tlog
C:\Users\lab422\Documents\Lab Work\Real World Modelling\Problem 1 - Blob Bonkers\Problem 1 - Blob Bonkers\Debug\link.write.1.tlog
C:\Users\lab422\Documents\Lab Work\Real World Modelling\Problem 1 - Blob Bonkers\Problem 1 - Blob Bonkers\Debug\vc110.idb
C:\Users\lab422\Documents\Lab Work\Real World Modelling\Problem 1 - Blob Bonkers\Problem 1 - Blob Bonkers\Debug\vc110.pdb
C:\Users\lab422\Documents\Lab Work\Real World Modelling\Problem 1 - Blob Bonkers\Debug\Problem 1 - Blob Bonkers.pdb
C:\Users\lab422\Documents\Lab Work\Real World Modelling\Problem 1 - Blob Bonkers\Debug\Problem 1 - Blob Bonkers.exe
C:\Users\lab422\Documents\Lab Work\Real World Modelling\Problem 1 - Blob Bonkers\Debug\Problem 1 - Blob Bonkers.ilk
